<?xml version="1.0" encoding="UTF-8"?>
<testsuite xmlns:xsi="http://www.w3.org/2001/XMLSchema-instance" xsi:noNamespaceSchemaLocation="https://maven.apache.org/surefire/maven-surefire-plugin/xsd/surefire-test-report-3.0.xsd" version="3.0" name="com.example.AppTest" time="0.027" tests="1" errors="0" skipped="0" failures="0">
  <properties>
    <property name="sun.desktop" value="windows"/>
    <property name="awt.toolkit" value="sun.awt.windows.WToolkit"/>
    <property name="java.specification.version" value="11"/>
    <property name="sun.cpu.isalist" value="amd64"/>
    <property name="sun.jnu.encoding" value="Cp1252"/>
    <property name="java.class.path" value="D:\Archivos\Proyectos\DevOps\SoapService\target\test-classes;D:\Archivos\Proyectos\DevOps\SoapService\target\classes;C:\Users\Angel\.m2\repository\junit\junit\4.13.2\junit-4.13.2.jar;C:\Users\Angel\.m2\repository\org\hamcrest\hamcrest-core\1.3\hamcrest-core-1.3.jar;C:\Users\Angel\.m2\repository\javax\xml\ws\jaxws-api\2.3.1\jaxws-api-2.3.1.jar;C:\Users\Angel\.m2\repository\javax\xml\bind\jaxb-api\2.3.1\jaxb-api-2.3.1.jar;C:\Users\Angel\.m2\repository\javax\activation\javax.activation-api\1.2.0\javax.activation-api-1.2.0.jar;C:\Users\Angel\.m2\repository\javax\xml\soap\javax.xml.soap-api\1.4.0\javax.xml.soap-api-1.4.0.jar;C:\Users\Angel\.m2\repository\javax\annotation\javax.annotation-api\1.3.2\javax.annotation-api-1.3.2.jar;C:\Users\Angel\.m2\repository\com\sun\xml\ws\jaxws-rt\2.3.2\jaxws-rt-2.3.2.jar;C:\Users\Angel\.m2\repository\jakarta\xml\bind\jakarta.xml.bind-api\2.3.2\jakarta.xml.bind-api-2.3.2.jar;C:\Users\Angel\.m2\repository\jakarta\xml\ws\jakarta.xml.ws-api\2.3.2\jakarta.xml.ws-api-2.3.2.jar;C:\Users\Angel\.m2\repository\jakarta\xml\soap\jakarta.xml.soap-api\1.4.1\jakarta.xml.soap-api-1.4.1.jar;C:\Users\Angel\.m2\repository\jakarta\annotation\jakarta.annotation-api\1.3.4\jakarta.annotation-api-1.3.4.jar;C:\Users\Angel\.m2\repository\jakarta\jws\jakarta.jws-api\1.1.1\jakarta.jws-api-1.1.1.jar;C:\Users\Angel\.m2\repository\com\sun\xml\ws\policy\2.7.6\policy-2.7.6.jar;C:\Users\Angel\.m2\repository\org\glassfish\gmbal\gmbal\4.0.0\gmbal-4.0.0.jar;C:\Users\Angel\.m2\repository\org\glassfish\external\management-api\3.2.1\management-api-3.2.1.jar;C:\Users\Angel\.m2\repository\org\glassfish\pfl\pfl-basic\4.0.1\pfl-basic-4.0.1.jar;C:\Users\Angel\.m2\repository\org\glassfish\pfl\pfl-tf\4.0.1\pfl-tf-4.0.1.jar;C:\Users\Angel\.m2\repository\org\glassfish\pfl\pfl-asm\4.0.1\pfl-asm-4.0.1.jar;C:\Users\Angel\.m2\repository\org\glassfish\pfl\pfl-dynamic\4.0.1\pfl-dynamic-4.0.1.jar;C:\Users\Angel\.m2\repository\org\glassfish\pfl\pfl-basic-tools\4.0.1\pfl-basic-tools-4.0.1.jar;C:\Users\Angel\.m2\repository\org\glassfish\pfl\pfl-tf-tools\4.0.1\pfl-tf-tools-4.0.1.jar;C:\Users\Angel\.m2\repository\org\jvnet\staxex\stax-ex\1.8.1\stax-ex-1.8.1.jar;C:\Users\Angel\.m2\repository\com\sun\xml\stream\buffer\streambuffer\1.5.7\streambuffer-1.5.7.jar;C:\Users\Angel\.m2\repository\org\jvnet\mimepull\mimepull\1.9.11\mimepull-1.9.11.jar;C:\Users\Angel\.m2\repository\com\sun\xml\fastinfoset\FastInfoset\1.2.16\FastInfoset-1.2.16.jar;C:\Users\Angel\.m2\repository\org\glassfish\ha\ha-api\3.1.12\ha-api-3.1.12.jar;C:\Users\Angel\.m2\repository\com\sun\xml\messaging\saaj\saaj-impl\1.5.1\saaj-impl-1.5.1.jar;C:\Users\Angel\.m2\repository\com\fasterxml\woodstox\woodstox-core\5.1.0\woodstox-core-5.1.0.jar;C:\Users\Angel\.m2\repository\org\codehaus\woodstox\stax2-api\4.1\stax2-api-4.1.jar;C:\Users\Angel\.m2\repository\jakarta\activation\jakarta.activation-api\1.2.1\jakarta.activation-api-1.2.1.jar;C:\Users\Angel\.m2\repository\org\glassfish\jaxb\jaxb-runtime\2.3.3\jaxb-runtime-2.3.3.jar;C:\Users\Angel\.m2\repository\org\glassfish\jaxb\txw2\2.3.3\txw2-2.3.3.jar;C:\Users\Angel\.m2\repository\com\sun\istack\istack-commons-runtime\3.0.11\istack-commons-runtime-3.0.11.jar;C:\Users\Angel\.m2\repository\com\sun\activation\jakarta.activation\1.2.2\jakarta.activation-1.2.2.jar;"/>
    <property name="java.vm.vendor" value="Oracle Corporation"/>
    <property name="sun.arch.data.model" value="64"/>
    <property name="user.variant" value=""/>
    <property name="java.vendor.url" value="https://openjdk.java.net/"/>
    <property name="user.timezone" value="America/Santiago"/>
    <property name="java.vm.specification.version" value="11"/>
    <property name="os.name" value="Windows 10"/>
    <property name="sun.java.launcher" value="SUN_STANDARD"/>
    <property name="user.country" value="CL"/>
    <property name="sun.boot.library.path" value="C:\Program Files\Java\jdk-11\bin"/>
    <property name="sun.java.command" value="C:\Users\Angel\AppData\Local\Temp\surefire9831524271044408123\surefirebooter-20240828173152062_3.jar C:\Users\Angel\AppData\Local\Temp\surefire9831524271044408123 2024-08-28T17-31-51_880-jvmRun1 surefire-20240828173152062_1tmp surefire_0-20240828173152062_2tmp"/>
    <property name="jdk.debug" value="release"/>
    <property name="surefire.test.class.path" value="D:\Archivos\Proyectos\DevOps\SoapService\target\test-classes;D:\Archivos\Proyectos\DevOps\SoapService\target\classes;C:\Users\Angel\.m2\repository\junit\junit\4.13.2\junit-4.13.2.jar;C:\Users\Angel\.m2\repository\org\hamcrest\hamcrest-core\1.3\hamcrest-core-1.3.jar;C:\Users\Angel\.m2\repository\javax\xml\ws\jaxws-api\2.3.1\jaxws-api-2.3.1.jar;C:\Users\Angel\.m2\repository\javax\xml\bind\jaxb-api\2.3.1\jaxb-api-2.3.1.jar;C:\Users\Angel\.m2\repository\javax\activation\javax.activation-api\1.2.0\javax.activation-api-1.2.0.jar;C:\Users\Angel\.m2\repository\javax\xml\soap\javax.xml.soap-api\1.4.0\javax.xml.soap-api-1.4.0.jar;C:\Users\Angel\.m2\repository\javax\annotation\javax.annotation-api\1.3.2\javax.annotation-api-1.3.2.jar;C:\Users\Angel\.m2\repository\com\sun\xml\ws\jaxws-rt\2.3.2\jaxws-rt-2.3.2.jar;C:\Users\Angel\.m2\repository\jakarta\xml\bind\jakarta.xml.bind-api\2.3.2\jakarta.xml.bind-api-2.3.2.jar;C:\Users\Angel\.m2\repository\jakarta\xml\ws\jakarta.xml.ws-api\2.3.2\jakarta.xml.ws-api-2.3.2.jar;C:\Users\Angel\.m2\repository\jakarta\xml\soap\jakarta.xml.soap-api\1.4.1\jakarta.xml.soap-api-1.4.1.jar;C:\Users\Angel\.m2\repository\jakarta\annotation\jakarta.annotation-api\1.3.4\jakarta.annotation-api-1.3.4.jar;C:\Users\Angel\.m2\repository\jakarta\jws\jakarta.jws-api\1.1.1\jakarta.jws-api-1.1.1.jar;C:\Users\Angel\.m2\repository\com\sun\xml\ws\policy\2.7.6\policy-2.7.6.jar;C:\Users\Angel\.m2\repository\org\glassfish\gmbal\gmbal\4.0.0\gmbal-4.0.0.jar;C:\Users\Angel\.m2\repository\org\glassfish\external\management-api\3.2.1\management-api-3.2.1.jar;C:\Users\Angel\.m2\repository\org\glassfish\pfl\pfl-basic\4.0.1\pfl-basic-4.0.1.jar;C:\Users\Angel\.m2\repository\org\glassfish\pfl\pfl-tf\4.0.1\pfl-tf-4.0.1.jar;C:\Users\Angel\.m2\repository\org\glassfish\pfl\pfl-asm\4.0.1\pfl-asm-4.0.1.jar;C:\Users\Angel\.m2\repository\org\glassfish\pfl\pfl-dynamic\4.0.1\pfl-dynamic-4.0.1.jar;C:\Users\Angel\.m2\repository\org\glassfish\pfl\pfl-basic-tools\4.0.1\pfl-basic-tools-4.0.1.jar;C:\Users\Angel\.m2\repository\org\glassfish\pfl\pfl-tf-tools\4.0.1\pfl-tf-tools-4.0.1.jar;C:\Users\Angel\.m2\repository\org\jvnet\staxex\stax-ex\1.8.1\stax-ex-1.8.1.jar;C:\Users\Angel\.m2\repository\com\sun\xml\stream\buffer\streambuffer\1.5.7\streambuffer-1.5.7.jar;C:\Users\Angel\.m2\repository\org\jvnet\mimepull\mimepull\1.9.11\mimepull-1.9.11.jar;C:\Users\Angel\.m2\repository\com\sun\xml\fastinfoset\FastInfoset\1.2.16\FastInfoset-1.2.16.jar;C:\Users\Angel\.m2\repository\org\glassfish\ha\ha-api\3.1.12\ha-api-3.1.12.jar;C:\Users\Angel\.m2\repository\com\sun\xml\messaging\saaj\saaj-impl\1.5.1\saaj-impl-1.5.1.jar;C:\Users\Angel\.m2\repository\com\fasterxml\woodstox\woodstox-core\5.1.0\woodstox-core-5.1.0.jar;C:\Users\Angel\.m2\repository\org\codehaus\woodstox\stax2-api\4.1\stax2-api-4.1.jar;C:\Users\Angel\.m2\repository\jakarta\activation\jakarta.activation-api\1.2.1\jakarta.activation-api-1.2.1.jar;C:\Users\Angel\.m2\repository\org\glassfish\jaxb\jaxb-runtime\2.3.3\jaxb-runtime-2.3.3.jar;C:\Users\Angel\.m2\repository\org\glassfish\jaxb\txw2\2.3.3\txw2-2.3.3.jar;C:\Users\Angel\.m2\repository\com\sun\istack\istack-commons-runtime\3.0.11\istack-commons-runtime-3.0.11.jar;C:\Users\Angel\.m2\repository\com\sun\activation\jakarta.activation\1.2.2\jakarta.activation-1.2.2.jar;"/>
    <property name="sun.cpu.endian" value="little"/>
    <property name="user.home" value="C:\Users\Angel"/>
    <property name="user.language" value="es"/>
    <property name="java.specification.vendor" value="Oracle Corporation"/>
    <property name="java.version.date" value="2024-04-16"/>
    <property name="java.home" value="C:\Program Files\Java\jdk-11"/>
    <property name="file.separator" value="\"/>
    <property name="basedir" value="D:\Archivos\Proyectos\DevOps\SoapService"/>
    <property name="java.vm.compressedOopsMode" value="Zero based"/>
    <property name="line.separator" value="&#10;"/>
    <property name="java.specification.name" value="Java Platform API Specification"/>
    <property name="java.vm.specification.vendor" value="Oracle Corporation"/>
    <property name="java.awt.graphicsenv" value="sun.awt.Win32GraphicsEnvironment"/>
    <property name="surefire.real.class.path" value="C:\Users\Angel\AppData\Local\Temp\surefire9831524271044408123\surefirebooter-20240828173152062_3.jar"/>
    <property name="user.script" value=""/>
    <property name="sun.management.compiler" value="HotSpot 64-Bit Tiered Compilers"/>
    <property name="java.runtime.version" value="11.0.23+7-LTS-222"/>
    <property name="user.name" value="Angel"/>
    <property name="path.separator" value=";"/>
    <property name="os.version" value="10.0"/>
    <property name="java.runtime.name" value="Java(TM) SE Runtime Environment"/>
    <property name="file.encoding" value="Cp1252"/>
    <property name="java.vm.name" value="Java HotSpot(TM) 64-Bit Server VM"/>
    <property name="java.vendor.version" value="18.9"/>
    <property name="localRepository" value="C:\Users\Angel\.m2\repository"/>
    <property name="java.vendor.url.bug" value="https://bugreport.java.com/bugreport/"/>
    <property name="java.io.tmpdir" value="C:\Users\Angel\AppData\Local\Temp\"/>
    <property name="java.version" value="11.0.23"/>
    <property name="user.dir" value="D:\Archivos\Proyectos\DevOps\SoapService"/>
    <property name="os.arch" value="amd64"/>
    <property name="java.vm.specification.name" value="Java Virtual Machine Specification"/>
    <property name="java.awt.printerjob" value="sun.awt.windows.WPrinterJob"/>
    <property name="sun.os.patch.level" value=""/>
    <property name="java.library.path" value="C:\Program Files\Java\jdk-11\bin;C:\Windows\Sun\Java\bin;C:\Windows\system32;C:\Windows;C:\Users\Angel\AppData\Local\Programs\Python\Python312;C:\Users\Angel\bin;C:\Program Files\Git\mingw64\bin;C:\Program Files\Git\usr\local\bin;C:\Program Files\Git\usr\bin;C:\Program Files\Git\usr\bin;C:\Program Files\Git\mingw64\bin;C:\Program Files\Git\usr\bin;C:\Users\Angel\bin;C:\Program Files\Java\jdk-11\bin;C:\Program Files\Java\jdk-17;C:\Program Files\Common Files\Oracle\Java\javapath;C:\Windows\system32;C:\Windows;C:\Windows\System32\Wbem;C:\Windows\System32\WindowsPowerShell\v1.0;C:\Windows\System32\OpenSSH;C:\Program Files\dotnet;C:\Program Files\NVIDIA Corporation\NVIDIA NvDLISR;C:\Program Files (x86)\NVIDIA Corporation\PhysX\Common;C:\Program Files\nodejs;C:\Program Files\Git\cmd;D:\Archivos\SoapUI-5.7.2\bin;C:\apache-maven-3.9.9;C:\Users\Angel\AppData\Local\Programs\Python\Launcher;C:\Program Files\Java\jdk-11\bin;C:\Program Files\Java\jdk-11;C:\Program Files\Java\jdk-17;C:\Program Files\Java\jdk-21;C:\Program Files\MySQL\MySQL Shell 8.0\bin;C:\Users\Angel\AppData\Local\Microsoft\WindowsApps;D:\Archivos\Microsoft VS Code\bin;C:\Users\Angel\AppData\Roaming\npm;C:\Program Files\nodejs;C:\Maven\bin;C:\Users\Angel\.ipython;C:\Users\Angel\AppData\Local\Programs\Python\Python312;D:\Archivos\SoapUI-5.7.2\bin;C:\apache-maven-3.9.9;C:\Program Files\Git\usr\bin\vendor_perl;C:\Program Files\Git\usr\bin\core_perl;C:\Users\Angel\AppData\Local\Programs\Python\Python312\Scripts;."/>
    <property name="java.vendor" value="Oracle Corporation"/>
    <property name="java.vm.info" value="mixed mode"/>
    <property name="java.vm.version" value="11.0.23+7-LTS-222"/>
    <property name="java.specification.maintenance.version" value="2"/>
    <property name="sun.io.unicode.encoding" value="UnicodeLittle"/>
    <property name="java.class.version" value="55.0"/>
  </properties>
  <testcase name="testApp" classname="com.example.AppTest" time="0.001"/>
</testsuite>